<?xml version="1.0" encoding="UTF-8"?>
<!-- Generated by org.testng.reporters.JUnitXMLReporter -->
<testsuite ignored="0" hostname="LAPTOP-INAJRFR2" failures="0" tests="7" name="Default test" time="118.423" errors="0" timestamp="2024-04-10T10:42:42 IST">
  <testcase classname="automationproject.nopcommerce" name="test1register" time="9.967"/>
  <testcase classname="automationproject.nopcommerce" name="test2login" time="1.686"/>
  <testcase classname="automationproject.nopcommerce" name="test3cart" time="1.355"/>
  <testcase classname="automationproject.nopcommerce" name="test4titleverification" time="0.06"/>
  <testcase classname="automationproject.nopcommerce" name="test5logo" time="0.101"/>
  <testcase classname="automationproject.nopcommerce" name="test6links" time="0.074"/>
  <testcase classname="automationproject.nopcommerce" name="test7screenshot" time="0.711"/>
</testsuite> <!-- Default test -->
