<?xml version="1.0" encoding="UTF-8"?>
<testng-results ignored="0" total="7" passed="7" failed="0" skipped="0">
  <reporter-output>
  </reporter-output>
  <suite started-at="2024-04-10T10:40:43 IST" name="Default suite" finished-at="2024-04-10T10:42:41 IST" duration-ms="118423">
    <groups>
    </groups>
    <test started-at="2024-04-10T10:40:43 IST" name="Default test" finished-at="2024-04-10T10:42:41 IST" duration-ms="118423">
      <class name="automationproject.nopcommerce">
        <test-method is-config="true" signature="start()[pri:0, instance:automationproject.nopcommerce@194bcebf]" started-at="2024-04-10T10:40:43 IST" name="start" finished-at="2024-04-10T10:42:15 IST" duration-ms="92426" status="PASS">
          <reporter-output>
          </reporter-output>
        </test-method> <!-- start -->
        <test-method is-config="true" signature="starts()[pri:0, instance:automationproject.nopcommerce@194bcebf]" started-at="2024-04-10T10:42:15 IST" name="starts" finished-at="2024-04-10T10:42:23 IST" duration-ms="7798" status="PASS">
          <reporter-output>
          </reporter-output>
        </test-method> <!-- starts -->
        <test-method signature="test1register()[pri:0, instance:automationproject.nopcommerce@194bcebf]" started-at="2024-04-10T10:42:23 IST" name="test1register" finished-at="2024-04-10T10:42:33 IST" duration-ms="9967" status="PASS">
          <reporter-output>
          </reporter-output>
        </test-method> <!-- test1register -->
        <test-method is-config="true" signature="end()[pri:0, instance:automationproject.nopcommerce@194bcebf]" started-at="2024-04-10T10:42:33 IST" name="end" finished-at="2024-04-10T10:42:33 IST" duration-ms="0" status="PASS">
          <reporter-output>
          </reporter-output>
        </test-method> <!-- end -->
        <test-method is-config="true" signature="starts()[pri:0, instance:automationproject.nopcommerce@194bcebf]" started-at="2024-04-10T10:42:33 IST" name="starts" finished-at="2024-04-10T10:42:33 IST" duration-ms="682" status="PASS">
          <reporter-output>
          </reporter-output>
        </test-method> <!-- starts -->
        <test-method signature="test2login()[pri:0, instance:automationproject.nopcommerce@194bcebf]" started-at="2024-04-10T10:42:33 IST" name="test2login" finished-at="2024-04-10T10:42:35 IST" duration-ms="1686" status="PASS">
          <reporter-output>
          </reporter-output>
        </test-method> <!-- test2login -->
        <test-method is-config="true" signature="end()[pri:0, instance:automationproject.nopcommerce@194bcebf]" started-at="2024-04-10T10:42:35 IST" name="end" finished-at="2024-04-10T10:42:35 IST" duration-ms="0" status="PASS">
          <reporter-output>
          </reporter-output>
        </test-method> <!-- end -->
        <test-method is-config="true" signature="starts()[pri:0, instance:automationproject.nopcommerce@194bcebf]" started-at="2024-04-10T10:42:35 IST" name="starts" finished-at="2024-04-10T10:42:36 IST" duration-ms="681" status="PASS">
          <reporter-output>
          </reporter-output>
        </test-method> <!-- starts -->
        <test-method signature="test3cart()[pri:0, instance:automationproject.nopcommerce@194bcebf]" started-at="2024-04-10T10:42:36 IST" name="test3cart" finished-at="2024-04-10T10:42:37 IST" duration-ms="1355" status="PASS">
          <reporter-output>
          </reporter-output>
        </test-method> <!-- test3cart -->
        <test-method is-config="true" signature="end()[pri:0, instance:automationproject.nopcommerce@194bcebf]" started-at="2024-04-10T10:42:37 IST" name="end" finished-at="2024-04-10T10:42:37 IST" duration-ms="1" status="PASS">
          <reporter-output>
          </reporter-output>
        </test-method> <!-- end -->
        <test-method is-config="true" signature="starts()[pri:0, instance:automationproject.nopcommerce@194bcebf]" started-at="2024-04-10T10:42:37 IST" name="starts" finished-at="2024-04-10T10:42:39 IST" duration-ms="1310" status="PASS">
          <reporter-output>
          </reporter-output>
        </test-method> <!-- starts -->
        <test-method signature="test4titleverification()[pri:0, instance:automationproject.nopcommerce@194bcebf]" started-at="2024-04-10T10:42:39 IST" name="test4titleverification" finished-at="2024-04-10T10:42:39 IST" duration-ms="60" status="PASS">
          <reporter-output>
          </reporter-output>
        </test-method> <!-- test4titleverification -->
        <test-method is-config="true" signature="end()[pri:0, instance:automationproject.nopcommerce@194bcebf]" started-at="2024-04-10T10:42:39 IST" name="end" finished-at="2024-04-10T10:42:39 IST" duration-ms="1" status="PASS">
          <reporter-output>
          </reporter-output>
        </test-method> <!-- end -->
        <test-method is-config="true" signature="starts()[pri:0, instance:automationproject.nopcommerce@194bcebf]" started-at="2024-04-10T10:42:39 IST" name="starts" finished-at="2024-04-10T10:42:39 IST" duration-ms="549" status="PASS">
          <reporter-output>
          </reporter-output>
        </test-method> <!-- starts -->
        <test-method signature="test5logo()[pri:0, instance:automationproject.nopcommerce@194bcebf]" started-at="2024-04-10T10:42:39 IST" name="test5logo" finished-at="2024-04-10T10:42:39 IST" duration-ms="101" status="PASS">
          <reporter-output>
          </reporter-output>
        </test-method> <!-- test5logo -->
        <test-method is-config="true" signature="end()[pri:0, instance:automationproject.nopcommerce@194bcebf]" started-at="2024-04-10T10:42:39 IST" name="end" finished-at="2024-04-10T10:42:39 IST" duration-ms="1" status="PASS">
          <reporter-output>
          </reporter-output>
        </test-method> <!-- end -->
        <test-method is-config="true" signature="starts()[pri:0, instance:automationproject.nopcommerce@194bcebf]" started-at="2024-04-10T10:42:39 IST" name="starts" finished-at="2024-04-10T10:42:40 IST" duration-ms="460" status="PASS">
          <reporter-output>
          </reporter-output>
        </test-method> <!-- starts -->
        <test-method signature="test6links()[pri:0, instance:automationproject.nopcommerce@194bcebf]" started-at="2024-04-10T10:42:40 IST" name="test6links" finished-at="2024-04-10T10:42:40 IST" duration-ms="74" status="PASS">
          <reporter-output>
          </reporter-output>
        </test-method> <!-- test6links -->
        <test-method is-config="true" signature="end()[pri:0, instance:automationproject.nopcommerce@194bcebf]" started-at="2024-04-10T10:42:40 IST" name="end" finished-at="2024-04-10T10:42:40 IST" duration-ms="1" status="PASS">
          <reporter-output>
          </reporter-output>
        </test-method> <!-- end -->
        <test-method is-config="true" signature="starts()[pri:0, instance:automationproject.nopcommerce@194bcebf]" started-at="2024-04-10T10:42:40 IST" name="starts" finished-at="2024-04-10T10:42:40 IST" duration-ms="466" status="PASS">
          <reporter-output>
          </reporter-output>
        </test-method> <!-- starts -->
        <test-method signature="test7screenshot()[pri:0, instance:automationproject.nopcommerce@194bcebf]" started-at="2024-04-10T10:42:40 IST" name="test7screenshot" finished-at="2024-04-10T10:42:41 IST" duration-ms="711" status="PASS">
          <reporter-output>
          </reporter-output>
        </test-method> <!-- test7screenshot -->
        <test-method is-config="true" signature="end()[pri:0, instance:automationproject.nopcommerce@194bcebf]" started-at="2024-04-10T10:42:41 IST" name="end" finished-at="2024-04-10T10:42:41 IST" duration-ms="1" status="PASS">
          <reporter-output>
          </reporter-output>
        </test-method> <!-- end -->
      </class> <!-- automationproject.nopcommerce -->
    </test> <!-- Default test -->
  </suite> <!-- Default suite -->
</testng-results>
